# JRE version: Java(TM) SE Runtime Environment (8.0_201-b09) (build 1.8.0_201-b09)
# Java VM: Java HotSpot(TM) 64-Bit Server VM (25.201-b09 mixed mode windows-amd64 compressed oops)
Heap:
 PSYoungGen      total 226816K, used 62653K [0x00000000d6200000, 0x00000000e5d80000, 0x0000000100000000)
  eden space 203776K, 19% used [0x00000000d6200000,0x00000000d88f80d0,0x00000000e2900000)
  from space 23040K, 98% used [0x00000000e4200000,0x00000000e58376f0,0x00000000e5880000)
  to   space 25600K, 0% used [0x00000000e2900000,0x00000000e2900000,0x00000000e4200000)
 ParOldGen       total 66048K, used 39979K [0x0000000082600000, 0x0000000086680000, 0x00000000d6200000)
  object space 66048K, 60% used [0x0000000082600000,0x0000000084d0ac80,0x0000000086680000)
 Metaspace       used 24106K, capacity 24694K, committed 24832K, reserved 1071104K
  class space    used 2807K, capacity 2967K, committed 3072K, reserved 1048576K
GC Heap History (10 events):
Event: 6.302 GC heap before
{Heap before GC invocations=13 (full 1):
 PSYoungGen      total 73728K, used 73707K [0x00000000d6200000, 0x00000000dd780000, 0x0000000100000000)
  eden space 62464K, 100% used [0x00000000d6200000,0x00000000d9f00000,0x00000000d9f00000)
  from space 11264K, 99% used [0x00000000d9f00000,0x00000000da9face0,0x00000000daa00000)
  to   space 13824K, 0% used [0x00000000dca00000,0x00000000dca00000,0x00000000dd780000)
 ParOldGen       total 66048K, used 22214K [0x0000000082600000, 0x0000000086680000, 0x00000000d6200000)
  object space 66048K, 33% used [0x0000000082600000,0x0000000083bb1b70,0x0000000086680000)
 Metaspace       used 24093K, capacity 24626K, committed 24832K, reserved 1071104K
  class space    used 2806K, capacity 2967K, committed 3072K, reserved 1048576K
Event: 6.310 GC heap after
Heap after GC invocations=13 (full 1):
 PSYoungGen      total 105984K, used 12044K [0x00000000d6200000, 0x00000000dd980000, 0x0000000100000000)
  eden space 92160K, 0% used [0x00000000d6200000,0x00000000d6200000,0x00000000dbc00000)
  from space 13824K, 87% used [0x00000000dca00000,0x00000000dd5c32a8,0x00000000dd780000)
  to   space 14336K, 0% used [0x00000000dbc00000,0x00000000dbc00000,0x00000000dca00000)
 ParOldGen       total 66048K, used 24575K [0x0000000082600000, 0x0000000086680000, 0x00000000d6200000)
  object space 66048K, 37% used [0x0000000082600000,0x0000000083dffea0,0x0000000086680000)
 Metaspace       used 24093K, capacity 24626K, committed 24832K, reserved 1071104K
  class space    used 2806K, capacity 2967K, committed 3072K, reserved 1048576K
}
Event: 6.477 GC heap before
{Heap before GC invocations=14 (full 1):
 PSYoungGen      total 105984K, used 104204K [0x00000000d6200000, 0x00000000dd980000, 0x0000000100000000)
  eden space 92160K, 100% used [0x00000000d6200000,0x00000000dbc00000,0x00000000dbc00000)
  from space 13824K, 87% used [0x00000000dca00000,0x00000000dd5c32a8,0x00000000dd780000)
  to   space 14336K, 0% used [0x00000000dbc00000,0x00000000dbc00000,0x00000000dca00000)
 ParOldGen       total 66048K, used 24575K [0x0000000082600000, 0x0000000086680000, 0x00000000d6200000)
  object space 66048K, 37% used [0x0000000082600000,0x0000000083dffea0,0x0000000086680000)
 Metaspace       used 24093K, capacity 24626K, committed 24832K, reserved 1071104K
  class space    used 2806K, capacity 2967K, committed 3072K, reserved 1048576K
Event: 6.487 GC heap after
Heap after GC invocations=14 (full 1):
 PSYoungGen      total 106496K, used 14320K [0x00000000d6200000, 0x00000000e0a80000, 0x0000000100000000)
  eden space 92160K, 0% used [0x00000000d6200000,0x00000000d6200000,0x00000000dbc00000)
  from space 14336K, 99% used [0x00000000dbc00000,0x00000000dc9fc360,0x00000000dca00000)
  to   space 17408K, 0% used [0x00000000df980000,0x00000000df980000,0x00000000e0a80000)
 ParOldGen       total 66048K, used 28265K [0x0000000082600000, 0x0000000086680000, 0x00000000d6200000)
  object space 66048K, 42% used [0x0000000082600000,0x000000008419a608,0x0000000086680000)
 Metaspace       used 24093K, capacity 24626K, committed 24832K, reserved 1071104K
  class space    used 2806K, capacity 2967K, committed 3072K, reserved 1048576K
}
Event: 6.654 GC heap before
{Heap before GC invocations=15 (full 1):
 PSYoungGen      total 106496K, used 106480K [0x00000000d6200000, 0x00000000e0a80000, 0x0000000100000000)
  eden space 92160K, 100% used [0x00000000d6200000,0x00000000dbc00000,0x00000000dbc00000)
  from space 14336K, 99% used [0x00000000dbc00000,0x00000000dc9fc360,0x00000000dca00000)
  to   space 17408K, 0% used [0x00000000df980000,0x00000000df980000,0x00000000e0a80000)
 ParOldGen       total 66048K, used 28265K [0x0000000082600000, 0x0000000086680000, 0x00000000d6200000)
  object space 66048K, 42% used [0x0000000082600000,0x000000008419a608,0x0000000086680000)
 Metaspace       used 24095K, capacity 24626K, committed 24832K, reserved 1071104K
  class space    used 2806K, capacity 2967K, committed 3072K, reserved 1048576K
Event: 6.666 GC heap after
Heap after GC invocations=15 (full 1):
 PSYoungGen      total 154112K, used 15516K [0x00000000d6200000, 0x00000000e0d80000, 0x0000000100000000)
  eden space 136704K, 0% used [0x00000000d6200000,0x00000000d6200000,0x00000000de780000)
  from space 17408K, 89% used [0x00000000df980000,0x00000000e08a73a0,0x00000000e0a80000)
  to   space 18432K, 0% used [0x00000000de780000,0x00000000de780000,0x00000000df980000)
 ParOldGen       total 66048K, used 30494K [0x0000000082600000, 0x0000000086680000, 0x00000000d6200000)
  object space 66048K, 46% used [0x0000000082600000,0x00000000843c7880,0x0000000086680000)
 Metaspace       used 24095K, capacity 24626K, committed 24832K, reserved 1071104K
  class space    used 2806K, capacity 2967K, committed 3072K, reserved 1048576K
}
Event: 7.014 GC heap before
{Heap before GC invocations=16 (full 1):
 PSYoungGen      total 154112K, used 152220K [0x00000000d6200000, 0x00000000e0d80000, 0x0000000100000000)
  eden space 136704K, 100% used [0x00000000d6200000,0x00000000de780000,0x00000000de780000)
  from space 17408K, 89% used [0x00000000df980000,0x00000000e08a73a0,0x00000000e0a80000)
  to   space 18432K, 0% used [0x00000000de780000,0x00000000de780000,0x00000000df980000)
 ParOldGen       total 66048K, used 30494K [0x0000000082600000, 0x0000000086680000, 0x00000000d6200000)
  object space 66048K, 46% used [0x0000000082600000,0x00000000843c7880,0x0000000086680000)
 Metaspace       used 24103K, capacity 24694K, committed 24832K, reserved 1071104K
  class space    used 2807K, capacity 2967K, committed 3072K, reserved 1048576K
Event: 7.036 GC heap after
Heap after GC invocations=16 (full 1):
 PSYoungGen      total 155136K, used 18402K [0x00000000d6200000, 0x00000000e5880000, 0x0000000100000000)
  eden space 136704K, 0% used [0x00000000d6200000,0x00000000d6200000,0x00000000de780000)
  from space 18432K, 99% used [0x00000000de780000,0x00000000df978b30,0x00000000df980000)
  to   space 23040K, 0% used [0x00000000e4200000,0x00000000e4200000,0x00000000e5880000)
 ParOldGen       total 66048K, used 36138K [0x0000000082600000, 0x0000000086680000, 0x00000000d6200000)
  object space 66048K, 54% used [0x0000000082600000,0x000000008494ab08,0x0000000086680000)
 Metaspace       used 24103K, capacity 24694K, committed 24832K, reserved 1071104K
  class space    used 2807K, capacity 2967K, committed 3072K, reserved 1048576K
}
Event: 7.388 GC heap before
{Heap before GC invocations=17 (full 1):
 PSYoungGen      total 155136K, used 155106K [0x00000000d6200000, 0x00000000e5880000, 0x0000000100000000)
  eden space 136704K, 100% used [0x00000000d6200000,0x00000000de780000,0x00000000de780000)
  from space 18432K, 99% used [0x00000000de780000,0x00000000df978b30,0x00000000df980000)
  to   space 23040K, 0% used [0x00000000e4200000,0x00000000e4200000,0x00000000e5880000)
 ParOldGen       total 66048K, used 36138K [0x0000000082600000, 0x0000000086680000, 0x00000000d6200000)
  object space 66048K, 54% used [0x0000000082600000,0x000000008494ab08,0x0000000086680000)
 Metaspace       used 24106K, capacity 24694K, committed 24832K, reserved 1071104K
  class space    used 2807K, capacity 2967K, committed 3072K, reserved 1048576K
Event: 7.405 GC heap after
Heap after GC invocations=17 (full 1):
 PSYoungGen      total 226816K, used 22749K [0x00000000d6200000, 0x00000000e5d80000, 0x0000000100000000)
  eden space 203776K, 0% used [0x00000000d6200000,0x00000000d6200000,0x00000000e2900000)
  from space 23040K, 98% used [0x00000000e4200000,0x00000000e58376f0,0x00000000e5880000)
  to   space 25600K, 0% used [0x00000000e2900000,0x00000000e2900000,0x00000000e4200000)
 ParOldGen       total 66048K, used 39979K [0x0000000082600000, 0x0000000086680000, 0x00000000d6200000)
  object space 66048K, 60% used [0x0000000082600000,0x0000000084d0ac80,0x0000000086680000)
 Metaspace       used 24106K, capacity 24694K, committed 24832K, reserved 1071104K
  class space    used 2807K, capacity 2967K, committed 3072K, reserved 1048576K
}

