# JRE version: Java(TM) SE Runtime Environment (8.0_201-b09) (build 1.8.0_201-b09)
# Java VM: Java HotSpot(TM) 64-Bit Server VM (25.201-b09 mixed mode windows-amd64 compressed oops)
Heap:
 PSYoungGen      total 208384K, used 64778K [0x00000000d6200000, 0x00000000e5500000, 0x0000000100000000)
  eden space 190976K, 33% used [0x00000000d6200000,0x00000000da142a20,0x00000000e1c80000)
  from space 17408K, 0% used [0x00000000e3300000,0x00000000e3300000,0x00000000e4400000)
  to   space 23040K, 0% used [0x00000000e1c80000,0x00000000e1c80000,0x00000000e3300000)
 ParOldGen       total 70144K, used 41342K [0x0000000082600000, 0x0000000086a80000, 0x00000000d6200000)
  object space 70144K, 58% used [0x0000000082600000,0x0000000084e5faf0,0x0000000086a80000)
 Metaspace       used 34499K, capacity 35154K, committed 35376K, reserved 1081344K
  class space    used 4133K, capacity 4299K, committed 4400K, reserved 1048576K
GC Heap History (10 events):
Event: 3.630 GC heap before
{Heap before GC invocations=9 (full 1):
 PSYoungGen      total 141824K, used 141822K [0x00000000d6200000, 0x00000000e4400000, 0x0000000100000000)
  eden space 130048K, 100% used [0x00000000d6200000,0x00000000de100000,0x00000000de100000)
  from space 11776K, 99% used [0x00000000de100000,0x00000000dec7f8b8,0x00000000dec80000)
  to   space 17408K, 0% used [0x00000000e3300000,0x00000000e3300000,0x00000000e4400000)
 ParOldGen       total 70144K, used 23823K [0x0000000082600000, 0x0000000086a80000, 0x00000000d6200000)
  object space 70144K, 33% used [0x0000000082600000,0x0000000083d43f30,0x0000000086a80000)
 Metaspace       used 24039K, capacity 24562K, committed 24752K, reserved 1071104K
  class space    used 2803K, capacity 2967K, committed 2992K, reserved 1048576K
Event: 3.647 GC heap after
Heap after GC invocations=9 (full 1):
 PSYoungGen      total 208384K, used 17383K [0x00000000d6200000, 0x00000000e5500000, 0x0000000100000000)
  eden space 190976K, 0% used [0x00000000d6200000,0x00000000d6200000,0x00000000e1c80000)
  from space 17408K, 99% used [0x00000000e3300000,0x00000000e43f9fe0,0x00000000e4400000)
  to   space 23040K, 0% used [0x00000000e1c80000,0x00000000e1c80000,0x00000000e3300000)
 ParOldGen       total 70144K, used 31458K [0x0000000082600000, 0x0000000086a80000, 0x00000000d6200000)
  object space 70144K, 44% used [0x0000000082600000,0x00000000844b8880,0x0000000086a80000)
 Metaspace       used 24039K, capacity 24562K, committed 24752K, reserved 1071104K
  class space    used 2803K, capacity 2967K, committed 2992K, reserved 1048576K
}
Event: 4.311 GC heap before
{Heap before GC invocations=10 (full 1):
 PSYoungGen      total 208384K, used 208359K [0x00000000d6200000, 0x00000000e5500000, 0x0000000100000000)
  eden space 190976K, 100% used [0x00000000d6200000,0x00000000e1c80000,0x00000000e1c80000)
  from space 17408K, 99% used [0x00000000e3300000,0x00000000e43f9fe0,0x00000000e4400000)
  to   space 23040K, 0% used [0x00000000e1c80000,0x00000000e1c80000,0x00000000e3300000)
 ParOldGen       total 70144K, used 31458K [0x0000000082600000, 0x0000000086a80000, 0x00000000d6200000)
  object space 70144K, 44% used [0x0000000082600000,0x00000000844b8880,0x0000000086a80000)
 Metaspace       used 24049K, capacity 24630K, committed 24752K, reserved 1071104K
  class space    used 2804K, capacity 2967K, committed 2992K, reserved 1048576K
Event: 4.371 GC heap after
Heap after GC invocations=10 (full 1):
 PSYoungGen      total 214016K, used 23009K [0x00000000d6200000, 0x00000000e5500000, 0x0000000100000000)
  eden space 190976K, 0% used [0x00000000d6200000,0x00000000d6200000,0x00000000e1c80000)
  from space 23040K, 99% used [0x00000000e1c80000,0x00000000e32f8600,0x00000000e3300000)
  to   space 17408K, 0% used [0x00000000e3300000,0x00000000e3300000,0x00000000e4400000)
 ParOldGen       total 70144K, used 44780K [0x0000000082600000, 0x0000000086a80000, 0x00000000d6200000)
  object space 70144K, 63% used [0x0000000082600000,0x00000000851bb360,0x0000000086a80000)
 Metaspace       used 24049K, capacity 24630K, committed 24752K, reserved 1071104K
  class space    used 2804K, capacity 2967K, committed 2992K, reserved 1048576K
}
Event: 4.819 GC heap before
{Heap before GC invocations=11 (full 1):
 PSYoungGen      total 214016K, used 213985K [0x00000000d6200000, 0x00000000e5500000, 0x0000000100000000)
  eden space 190976K, 100% used [0x00000000d6200000,0x00000000e1c80000,0x00000000e1c80000)
  from space 23040K, 99% used [0x00000000e1c80000,0x00000000e32f8600,0x00000000e3300000)
  to   space 17408K, 0% used [0x00000000e3300000,0x00000000e3300000,0x00000000e4400000)
 ParOldGen       total 70144K, used 44780K [0x0000000082600000, 0x0000000086a80000, 0x00000000d6200000)
  object space 70144K, 63% used [0x0000000082600000,0x00000000851bb360,0x0000000086a80000)
 Metaspace       used 24052K, capacity 24630K, committed 24752K, reserved 1071104K
  class space    used 2804K, capacity 2967K, committed 2992K, reserved 1048576K
Event: 4.869 GC heap after
Heap after GC invocations=11 (full 1):
 PSYoungGen      total 208384K, used 17383K [0x00000000d6200000, 0x00000000e5500000, 0x0000000100000000)
  eden space 190976K, 0% used [0x00000000d6200000,0x00000000d6200000,0x00000000e1c80000)
  from space 17408K, 99% used [0x00000000e3300000,0x00000000e43f9fe0,0x00000000e4400000)
  to   space 23040K, 0% used [0x00000000e1c80000,0x00000000e1c80000,0x00000000e3300000)
 ParOldGen       total 70144K, used 68148K [0x0000000082600000, 0x0000000086a80000, 0x00000000d6200000)
  object space 70144K, 97% used [0x0000000082600000,0x000000008688d3d0,0x0000000086a80000)
 Metaspace       used 24052K, capacity 24630K, committed 24752K, reserved 1071104K
  class space    used 2804K, capacity 2967K, committed 2992K, reserved 1048576K
}
Event: 4.869 GC heap before
{Heap before GC invocations=12 (full 2):
 PSYoungGen      total 208384K, used 17383K [0x00000000d6200000, 0x00000000e5500000, 0x0000000100000000)
  eden space 190976K, 0% used [0x00000000d6200000,0x00000000d6200000,0x00000000e1c80000)
  from space 17408K, 99% used [0x00000000e3300000,0x00000000e43f9fe0,0x00000000e4400000)
  to   space 23040K, 0% used [0x00000000e1c80000,0x00000000e1c80000,0x00000000e3300000)
 ParOldGen       total 70144K, used 68148K [0x0000000082600000, 0x0000000086a80000, 0x00000000d6200000)
  object space 70144K, 97% used [0x0000000082600000,0x000000008688d3d0,0x0000000086a80000)
 Metaspace       used 24052K, capacity 24630K, committed 24752K, reserved 1071104K
  class space    used 2804K, capacity 2967K, committed 2992K, reserved 1048576K
Event: 4.930 GC heap after
Heap after GC invocations=12 (full 2):
 PSYoungGen      total 208384K, used 0K [0x00000000d6200000, 0x00000000e5500000, 0x0000000100000000)
  eden space 190976K, 0% used [0x00000000d6200000,0x00000000d6200000,0x00000000e1c80000)
  from space 17408K, 0% used [0x00000000e3300000,0x00000000e3300000,0x00000000e4400000)
  to   space 23040K, 0% used [0x00000000e1c80000,0x00000000e1c80000,0x00000000e3300000)
 ParOldGen       total 70144K, used 52053K [0x0000000082600000, 0x0000000086a80000, 0x00000000d6200000)
  object space 70144K, 74% used [0x0000000082600000,0x00000000858d5600,0x0000000086a80000)
 Metaspace       used 24052K, capacity 24630K, committed 24752K, reserved 1071104K
  class space    used 2804K, capacity 2967K, committed 2992K, reserved 1048576K
}
Event: 5.928 GC heap before
{Heap before GC invocations=13 (full 3):
 PSYoungGen      total 208384K, used 190976K [0x00000000d6200000, 0x00000000e5500000, 0x0000000100000000)
  eden space 190976K, 100% used [0x00000000d6200000,0x00000000e1c80000,0x00000000e1c80000)
  from space 17408K, 0% used [0x00000000e3300000,0x00000000e3300000,0x00000000e4400000)
  to   space 23040K, 0% used [0x00000000e1c80000,0x00000000e1c80000,0x00000000e3300000)
 ParOldGen       total 70144K, used 52053K [0x0000000082600000, 0x0000000086a80000, 0x00000000d6200000)
  object space 70144K, 74% used [0x0000000082600000,0x00000000858d5600,0x0000000086a80000)
 Metaspace       used 31885K, capacity 32576K, committed 32688K, reserved 1077248K
  class space    used 3793K, capacity 3976K, committed 4016K, reserved 1048576K
Event: 6.082 GC heap after
Heap after GC invocations=13 (full 3):
 PSYoungGen      total 208384K, used 0K [0x00000000d6200000, 0x00000000e5500000, 0x0000000100000000)
  eden space 190976K, 0% used [0x00000000d6200000,0x00000000d6200000,0x00000000e1c80000)
  from space 17408K, 0% used [0x00000000e3300000,0x00000000e3300000,0x00000000e4400000)
  to   space 23040K, 0% used [0x00000000e1c80000,0x00000000e1c80000,0x00000000e3300000)
 ParOldGen       total 70144K, used 41342K [0x0000000082600000, 0x0000000086a80000, 0x00000000d6200000)
  object space 70144K, 58% used [0x0000000082600000,0x0000000084e5faf0,0x0000000086a80000)
 Metaspace       used 31885K, capacity 32576K, committed 32688K, reserved 1077248K
  class space    used 3793K, capacity 3976K, committed 4016K, reserved 1048576K
}

