# JRE version: Java(TM) SE Runtime Environment (8.0_201-b09) (build 1.8.0_201-b09)
# Java VM: Java HotSpot(TM) 64-Bit Server VM (25.201-b09 mixed mode windows-amd64 compressed oops)
Heap:
 PSYoungGen      total 144896K, used 72154K [0x00000000d6200000, 0x00000000e4500000, 0x0000000100000000)
  eden space 123392K, 41% used [0x00000000d6200000,0x00000000d937e400,0x00000000dda80000)
  from space 21504K, 99% used [0x00000000dda80000,0x00000000def785e8,0x00000000def80000)
  to   space 25600K, 0% used [0x00000000e2c00000,0x00000000e2c00000,0x00000000e4500000)
 ParOldGen       total 70144K, used 28822K [0x0000000082600000, 0x0000000086a80000, 0x00000000d6200000)
  object space 70144K, 41% used [0x0000000082600000,0x0000000084225ac8,0x0000000086a80000)
 Metaspace       used 24097K, capacity 24638K, committed 24832K, reserved 1071104K
  class space    used 2807K, capacity 2969K, committed 3072K, reserved 1048576K
GC Heap History (10 events):
Event: 6.808 GC heap before
{Heap before GC invocations=8 (full 1):
 PSYoungGen      total 71680K, used 61440K [0x00000000d6200000, 0x00000000db480000, 0x0000000100000000)
  eden space 61440K, 100% used [0x00000000d6200000,0x00000000d9e00000,0x00000000d9e00000)
  from space 10240K, 0% used [0x00000000daa80000,0x00000000daa80000,0x00000000db480000)
  to   space 11264K, 0% used [0x00000000d9e80000,0x00000000d9e80000,0x00000000da980000)
 ParOldGen       total 70144K, used 15100K [0x0000000082600000, 0x0000000086a80000, 0x00000000d6200000)
  object space 70144K, 21% used [0x0000000082600000,0x00000000834bf030,0x0000000086a80000)
 Metaspace       used 24030K, capacity 24564K, committed 24832K, reserved 1071104K
  class space    used 2804K, capacity 2967K, committed 3072K, reserved 1048576K
Event: 6.816 GC heap after
Heap after GC invocations=8 (full 1):
 PSYoungGen      total 73216K, used 10629K [0x00000000d6200000, 0x00000000dd300000, 0x0000000100000000)
  eden space 61952K, 0% used [0x00000000d6200000,0x00000000d6200000,0x00000000d9e80000)
  from space 11264K, 94% used [0x00000000d9e80000,0x00000000da8e16a0,0x00000000da980000)
  to   space 12288K, 0% used [0x00000000dc700000,0x00000000dc700000,0x00000000dd300000)
 ParOldGen       total 70144K, used 15172K [0x0000000082600000, 0x0000000086a80000, 0x00000000d6200000)
  object space 70144K, 21% used [0x0000000082600000,0x00000000834d1040,0x0000000086a80000)
 Metaspace       used 24030K, capacity 24564K, committed 24832K, reserved 1071104K
  class space    used 2804K, capacity 2967K, committed 3072K, reserved 1048576K
}
Event: 7.162 GC heap before
{Heap before GC invocations=9 (full 1):
 PSYoungGen      total 73216K, used 72581K [0x00000000d6200000, 0x00000000dd300000, 0x0000000100000000)
  eden space 61952K, 100% used [0x00000000d6200000,0x00000000d9e80000,0x00000000d9e80000)
  from space 11264K, 94% used [0x00000000d9e80000,0x00000000da8e16a0,0x00000000da980000)
  to   space 12288K, 0% used [0x00000000dc700000,0x00000000dc700000,0x00000000dd300000)
 ParOldGen       total 70144K, used 15172K [0x0000000082600000, 0x0000000086a80000, 0x00000000d6200000)
  object space 70144K, 21% used [0x0000000082600000,0x00000000834d1040,0x0000000086a80000)
 Metaspace       used 24071K, capacity 24628K, committed 24832K, reserved 1071104K
  class space    used 2804K, capacity 2967K, committed 3072K, reserved 1048576K
Event: 7.181 GC heap after
Heap after GC invocations=9 (full 1):
 PSYoungGen      total 100864K, used 12273K [0x00000000d6200000, 0x00000000de480000, 0x0000000100000000)
  eden space 88576K, 0% used [0x00000000d6200000,0x00000000d6200000,0x00000000db880000)
  from space 12288K, 99% used [0x00000000dc700000,0x00000000dd2fc438,0x00000000dd300000)
  to   space 14848K, 0% used [0x00000000db880000,0x00000000db880000,0x00000000dc700000)
 ParOldGen       total 70144K, used 17537K [0x0000000082600000, 0x0000000086a80000, 0x00000000d6200000)
  object space 70144K, 25% used [0x0000000082600000,0x0000000083720680,0x0000000086a80000)
 Metaspace       used 24071K, capacity 24628K, committed 24832K, reserved 1071104K
  class space    used 2804K, capacity 2967K, committed 3072K, reserved 1048576K
}
Event: 7.640 GC heap before
{Heap before GC invocations=10 (full 1):
 PSYoungGen      total 100864K, used 100849K [0x00000000d6200000, 0x00000000de480000, 0x0000000100000000)
  eden space 88576K, 100% used [0x00000000d6200000,0x00000000db880000,0x00000000db880000)
  from space 12288K, 99% used [0x00000000dc700000,0x00000000dd2fc438,0x00000000dd300000)
  to   space 14848K, 0% used [0x00000000db880000,0x00000000db880000,0x00000000dc700000)
 ParOldGen       total 70144K, used 17537K [0x0000000082600000, 0x0000000086a80000, 0x00000000d6200000)
  object space 70144K, 25% used [0x0000000082600000,0x0000000083720680,0x0000000086a80000)
 Metaspace       used 24073K, capacity 24628K, committed 24832K, reserved 1071104K
  class space    used 2804K, capacity 2967K, committed 3072K, reserved 1048576K
Event: 7.655 GC heap after
Heap after GC invocations=10 (full 1):
 PSYoungGen      total 103424K, used 14838K [0x00000000d6200000, 0x00000000e0180000, 0x0000000100000000)
  eden space 88576K, 0% used [0x00000000d6200000,0x00000000d6200000,0x00000000db880000)
  from space 14848K, 99% used [0x00000000db880000,0x00000000dc6fd900,0x00000000dc700000)
  to   space 18432K, 0% used [0x00000000def80000,0x00000000def80000,0x00000000e0180000)
 ParOldGen       total 70144K, used 21994K [0x0000000082600000, 0x0000000086a80000, 0x00000000d6200000)
  object space 70144K, 31% used [0x0000000082600000,0x0000000083b7ab68,0x0000000086a80000)
 Metaspace       used 24073K, capacity 24628K, committed 24832K, reserved 1071104K
  class space    used 2804K, capacity 2967K, committed 3072K, reserved 1048576K
}
Event: 8.045 GC heap before
{Heap before GC invocations=11 (full 1):
 PSYoungGen      total 103424K, used 103414K [0x00000000d6200000, 0x00000000e0180000, 0x0000000100000000)
  eden space 88576K, 100% used [0x00000000d6200000,0x00000000db880000,0x00000000db880000)
  from space 14848K, 99% used [0x00000000db880000,0x00000000dc6fd900,0x00000000dc700000)
  to   space 18432K, 0% used [0x00000000def80000,0x00000000def80000,0x00000000e0180000)
 ParOldGen       total 70144K, used 21994K [0x0000000082600000, 0x0000000086a80000, 0x00000000d6200000)
  object space 70144K, 31% used [0x0000000082600000,0x0000000083b7ab68,0x0000000086a80000)
 Metaspace       used 24093K, capacity 24638K, committed 24832K, reserved 1071104K
  class space    used 2807K, capacity 2969K, committed 3072K, reserved 1048576K
Event: 8.065 GC heap after
Heap after GC invocations=11 (full 1):
 PSYoungGen      total 141824K, used 18418K [0x00000000d6200000, 0x00000000e0a80000, 0x0000000100000000)
  eden space 123392K, 0% used [0x00000000d6200000,0x00000000d6200000,0x00000000dda80000)
  from space 18432K, 99% used [0x00000000def80000,0x00000000e017cb28,0x00000000e0180000)
  to   space 21504K, 0% used [0x00000000dda80000,0x00000000dda80000,0x00000000def80000)
 ParOldGen       total 70144K, used 25060K [0x0000000082600000, 0x0000000086a80000, 0x00000000d6200000)
  object space 70144K, 35% used [0x0000000082600000,0x0000000083e79350,0x0000000086a80000)
 Metaspace       used 24093K, capacity 24638K, committed 24832K, reserved 1071104K
  class space    used 2807K, capacity 2969K, committed 3072K, reserved 1048576K
}
Event: 8.629 GC heap before
{Heap before GC invocations=12 (full 1):
 PSYoungGen      total 141824K, used 141810K [0x00000000d6200000, 0x00000000e0a80000, 0x0000000100000000)
  eden space 123392K, 100% used [0x00000000d6200000,0x00000000dda80000,0x00000000dda80000)
  from space 18432K, 99% used [0x00000000def80000,0x00000000e017cb28,0x00000000e0180000)
  to   space 21504K, 0% used [0x00000000dda80000,0x00000000dda80000,0x00000000def80000)
 ParOldGen       total 70144K, used 25060K [0x0000000082600000, 0x0000000086a80000, 0x00000000d6200000)
  object space 70144K, 35% used [0x0000000082600000,0x0000000083e79350,0x0000000086a80000)
 Metaspace       used 24097K, capacity 24638K, committed 24832K, reserved 1071104K
  class space    used 2807K, capacity 2969K, committed 3072K, reserved 1048576K
Event: 8.652 GC heap after
Heap after GC invocations=12 (full 1):
 PSYoungGen      total 144896K, used 21473K [0x00000000d6200000, 0x00000000e4500000, 0x0000000100000000)
  eden space 123392K, 0% used [0x00000000d6200000,0x00000000d6200000,0x00000000dda80000)
  from space 21504K, 99% used [0x00000000dda80000,0x00000000def785e8,0x00000000def80000)
  to   space 25600K, 0% used [0x00000000e2c00000,0x00000000e2c00000,0x00000000e4500000)
 ParOldGen       total 70144K, used 28822K [0x0000000082600000, 0x0000000086a80000, 0x00000000d6200000)
  object space 70144K, 41% used [0x0000000082600000,0x0000000084225ac8,0x0000000086a80000)
 Metaspace       used 24097K, capacity 24638K, committed 24832K, reserved 1071104K
  class space    used 2807K, capacity 2969K, committed 3072K, reserved 1048576K
}

